
1월 31, 2023 14:41:15.928 NEW SESSION
1월 31, 2023 14:41:15.928 [10376:6868:0131/144115.927:ERROR:device_event_log_impl.cc(215)] [14:41:15.927] Bluetooth: bluetooth_adapter_winrt.cc:1074 Getting Default Adapter failed.
1월 31, 2023 15:09:43.731 [9280:9520:0131/150943.731:ERROR:device_event_log_impl.cc(215)] [15:09:43.731] Bluetooth: bluetooth_adapter_winrt.cc:1074 Getting Default Adapter failed.

1월 31, 2023 16:02:32.816 NEW SESSION
1월 31, 2023 16:02:32.816 [10292:10144:0131/160232.815:ERROR:device_event_log_impl.cc(215)] [16:02:32.815] Bluetooth: bluetooth_adapter_winrt.cc:1074 Getting Default Adapter failed.
1월 31, 2023 17:16:27.791 [10292:10144:0131/171627.790:ERROR:interface_endpoint_client.cc(695)] Message 5 rejected by interface blink.mojom.WidgetHost
1월 31, 2023 17:31:49.269 [9268:2340:0131/173149.269:ERROR:device_event_log_impl.cc(215)] [17:31:49.269] Bluetooth: bluetooth_adapter_winrt.cc:1074 Getting Default Adapter failed.

2월 01, 2023 11:47:57.336 NEW SESSION
2월 01, 2023 11:47:57.336 [11088:11084:0201/114757.335:ERROR:device_event_log_impl.cc(215)] [11:47:57.335] Bluetooth: bluetooth_adapter_winrt.cc:1074 Getting Default Adapter failed.
2월 01, 2023 12:47:35.942 [4632:9488:0201/124735.942:ERROR:device_event_log_impl.cc(215)] [12:47:35.942] Bluetooth: bluetooth_adapter_winrt.cc:1074 Getting Default Adapter failed.
2월 01, 2023 17:29:10.971 [8044:8628:0201/172910.971:ERROR:device_event_log_impl.cc(215)] [17:29:10.970] Bluetooth: bluetooth_adapter_winrt.cc:1074 Getting Default Adapter failed.
2월 01, 2023 17:38:40.210 [9520:10424:0201/173840.210:ERROR:device_event_log_impl.cc(215)] [17:38:40.210] Bluetooth: bluetooth_adapter_winrt.cc:1074 Getting Default Adapter failed.
2월 01, 2023 17:40:41.513 [3492:8328:0201/174041.513:ERROR:device_event_log_impl.cc(215)] [17:40:41.513] Bluetooth: bluetooth_adapter_winrt.cc:1074 Getting Default Adapter failed.

2월 01, 2023 18:29:55.276 NEW SESSION
2월 01, 2023 18:29:55.276 [5644:6888:0201/182955.275:ERROR:device_event_log_impl.cc(215)] [18:29:55.276] Bluetooth: bluetooth_adapter_winrt.cc:1074 Getting Default Adapter failed.
2월 01, 2023 18:30:46.103 [8476:7412:0201/183046.103:ERROR:device_event_log_impl.cc(215)] [18:30:46.102] Bluetooth: bluetooth_adapter_winrt.cc:1074 Getting Default Adapter failed.

2월 02, 2023 09:19:49.715 NEW SESSION
2월 02, 2023 09:19:49.715 [10948:1656:0202/091949.714:ERROR:device_event_log_impl.cc(215)] [09:19:49.714] Bluetooth: bluetooth_adapter_winrt.cc:1074 Getting Default Adapter failed.
2월 02, 2023 12:21:07.637 [10948:1656:0202/122107.637:ERROR:CONSOLE(6)] "console.assert", source: devtools://devtools/bundled/devtools-frontend/front_end/panels/console/console.js (6)
2월 02, 2023 12:21:07.638 [10948:1656:0202/122107.637:ERROR:CONSOLE(6)] "console.assert", source: devtools://devtools/bundled/devtools-frontend/front_end/panels/console/console.js (6)
2월 02, 2023 12:21:07.638 [10948:1656:0202/122107.637:ERROR:CONSOLE(6)] "console.assert", source: devtools://devtools/bundled/devtools-frontend/front_end/panels/console/console.js (6)
2월 02, 2023 12:21:07.639 [10948:1656:0202/122107.637:ERROR:CONSOLE(6)] "console.assert", source: devtools://devtools/bundled/devtools-frontend/front_end/panels/console/console.js (6)
2월 02, 2023 12:21:07.639 [10948:1656:0202/122107.637:ERROR:CONSOLE(6)] "console.assert", source: devtools://devtools/bundled/devtools-frontend/front_end/panels/console/console.js (6)
2월 02, 2023 12:21:07.699 [10948:1656:0202/122107.698:ERROR:CONSOLE(6)] "console.assert", source: devtools://devtools/bundled/devtools-frontend/front_end/panels/console/console.js (6)
2월 02, 2023 12:21:07.699 [10948:1656:0202/122107.698:ERROR:CONSOLE(6)] "console.assert", source: devtools://devtools/bundled/devtools-frontend/front_end/panels/console/console.js (6)
2월 02, 2023 12:21:07.699 [10948:1656:0202/122107.698:ERROR:CONSOLE(6)] "console.assert", source: devtools://devtools/bundled/devtools-frontend/front_end/panels/console/console.js (6)
2월 02, 2023 12:21:07.699 [10948:1656:0202/122107.698:ERROR:CONSOLE(6)] "console.assert", source: devtools://devtools/bundled/devtools-frontend/front_end/panels/console/console.js (6)
2월 02, 2023 12:21:07.700 [10948:1656:0202/122107.699:ERROR:CONSOLE(6)] "console.assert", source: devtools://devtools/bundled/devtools-frontend/front_end/panels/console/console.js (6)
2월 02, 2023 12:21:07.700 [10948:1656:0202/122107.699:ERROR:CONSOLE(6)] "console.assert", source: devtools://devtools/bundled/devtools-frontend/front_end/panels/console/console.js (6)
2월 02, 2023 12:21:07.781 [10948:1656:0202/122107.780:ERROR:CONSOLE(6)] "console.assert", source: devtools://devtools/bundled/devtools-frontend/front_end/panels/console/console.js (6)
2월 02, 2023 12:21:07.781 [10948:1656:0202/122107.780:ERROR:CONSOLE(6)] "console.assert", source: devtools://devtools/bundled/devtools-frontend/front_end/panels/console/console.js (6)
2월 02, 2023 12:21:07.781 [10948:1656:0202/122107.780:ERROR:CONSOLE(6)] "console.assert", source: devtools://devtools/bundled/devtools-frontend/front_end/panels/console/console.js (6)
2월 02, 2023 12:21:07.782 [10948:1656:0202/122107.780:ERROR:CONSOLE(6)] "console.assert", source: devtools://devtools/bundled/devtools-frontend/front_end/panels/console/console.js (6)
2월 02, 2023 12:21:07.782 [10948:1656:0202/122107.780:ERROR:CONSOLE(6)] "console.assert", source: devtools://devtools/bundled/devtools-frontend/front_end/panels/console/console.js (6)
2월 02, 2023 12:21:07.782 [10948:1656:0202/122107.780:ERROR:CONSOLE(6)] "console.assert", source: devtools://devtools/bundled/devtools-frontend/front_end/panels/console/console.js (6)
2월 02, 2023 12:21:07.782 [10948:1656:0202/122107.781:ERROR:CONSOLE(6)] "console.assert", source: devtools://devtools/bundled/devtools-frontend/front_end/panels/console/console.js (6)
2월 02, 2023 12:21:07.783 [10948:1656:0202/122107.781:ERROR:CONSOLE(6)] "console.assert", source: devtools://devtools/bundled/devtools-frontend/front_end/panels/console/console.js (6)
2월 02, 2023 12:21:07.783 [10948:1656:0202/122107.781:ERROR:CONSOLE(6)] "console.assert", source: devtools://devtools/bundled/devtools-frontend/front_end/panels/console/console.js (6)
2월 02, 2023 12:21:07.899 [10948:1656:0202/122107.898:ERROR:CONSOLE(6)] "console.assert", source: devtools://devtools/bundled/devtools-frontend/front_end/panels/console/console.js (6)
2월 02, 2023 12:21:07.899 [10948:1656:0202/122107.898:ERROR:CONSOLE(6)] "console.assert", source: devtools://devtools/bundled/devtools-frontend/front_end/panels/console/console.js (6)
2월 02, 2023 12:21:07.899 [10948:1656:0202/122107.898:ERROR:CONSOLE(6)] "console.assert", source: devtools://devtools/bundled/devtools-frontend/front_end/panels/console/console.js (6)
2월 02, 2023 12:21:07.899 [10948:1656:0202/122107.899:ERROR:CONSOLE(6)] "console.assert", source: devtools://devtools/bundled/devtools-frontend/front_end/panels/console/console.js (6)
2월 02, 2023 12:21:07.900 [10948:1656:0202/122107.899:ERROR:CONSOLE(6)] "console.assert", source: devtools://devtools/bundled/devtools-frontend/front_end/panels/console/console.js (6)
2월 02, 2023 12:21:07.900 [10948:1656:0202/122107.899:ERROR:CONSOLE(6)] "console.assert", source: devtools://devtools/bundled/devtools-frontend/front_end/panels/console/console.js (6)
2월 02, 2023 12:21:07.900 [10948:1656:0202/122107.899:ERROR:CONSOLE(6)] "console.assert", source: devtools://devtools/bundled/devtools-frontend/front_end/panels/console/console.js (6)
2월 02, 2023 12:21:07.900 [10948:1656:0202/122107.899:ERROR:CONSOLE(6)] "console.assert", source: devtools://devtools/bundled/devtools-frontend/front_end/panels/console/console.js (6)
2월 02, 2023 12:21:07.900 [10948:1656:0202/122107.899:ERROR:CONSOLE(6)] "console.assert", source: devtools://devtools/bundled/devtools-frontend/front_end/panels/console/console.js (6)
2월 02, 2023 12:21:07.901 [10948:1656:0202/122107.899:ERROR:CONSOLE(6)] "console.assert", source: devtools://devtools/bundled/devtools-frontend/front_end/panels/console/console.js (6)
2월 02, 2023 12:21:07.971 [10948:1656:0202/122107.970:ERROR:CONSOLE(6)] "console.assert", source: devtools://devtools/bundled/devtools-frontend/front_end/panels/console/console.js (6)
2월 02, 2023 12:21:07.971 [10948:1656:0202/122107.971:ERROR:CONSOLE(6)] "console.assert", source: devtools://devtools/bundled/devtools-frontend/front_end/panels/console/console.js (6)
2월 02, 2023 12:21:07.971 [10948:1656:0202/122107.971:ERROR:CONSOLE(6)] "console.assert", source: devtools://devtools/bundled/devtools-frontend/front_end/panels/console/console.js (6)
2월 02, 2023 12:21:07.972 [10948:1656:0202/122107.971:ERROR:CONSOLE(6)] "console.assert", source: devtools://devtools/bundled/devtools-frontend/front_end/panels/console/console.js (6)
2월 02, 2023 12:21:07.972 [10948:1656:0202/122107.971:ERROR:CONSOLE(6)] "console.assert", source: devtools://devtools/bundled/devtools-frontend/front_end/panels/console/console.js (6)
2월 02, 2023 12:21:07.972 [10948:1656:0202/122107.971:ERROR:CONSOLE(6)] "console.assert", source: devtools://devtools/bundled/devtools-frontend/front_end/panels/console/console.js (6)
2월 02, 2023 12:21:07.972 [10948:1656:0202/122107.971:ERROR:CONSOLE(6)] "console.assert", source: devtools://devtools/bundled/devtools-frontend/front_end/panels/console/console.js (6)
2월 02, 2023 12:21:07.972 [10948:1656:0202/122107.971:ERROR:CONSOLE(6)] "console.assert", source: devtools://devtools/bundled/devtools-frontend/front_end/panels/console/console.js (6)
2월 02, 2023 12:21:07.972 [10948:1656:0202/122107.971:ERROR:CONSOLE(6)] "console.assert", source: devtools://devtools/bundled/devtools-frontend/front_end/panels/console/console.js (6)
2월 02, 2023 12:21:07.972 [10948:1656:0202/122107.971:ERROR:CONSOLE(6)] "console.assert", source: devtools://devtools/bundled/devtools-frontend/front_end/panels/console/console.js (6)
2월 02, 2023 12:21:07.973 [10948:1656:0202/122107.971:ERROR:CONSOLE(6)] "console.assert", source: devtools://devtools/bundled/devtools-frontend/front_end/panels/console/console.js (6)
2월 02, 2023 12:21:08.31 [10948:1656:0202/122108.031:ERROR:CONSOLE(6)] "console.assert", source: devtools://devtools/bundled/devtools-frontend/front_end/panels/console/console.js (6)
2월 02, 2023 12:21:08.31 [10948:1656:0202/122108.031:ERROR:CONSOLE(6)] "console.assert", source: devtools://devtools/bundled/devtools-frontend/front_end/panels/console/console.js (6)
2월 02, 2023 12:21:08.32 [10948:1656:0202/122108.031:ERROR:CONSOLE(6)] "console.assert", source: devtools://devtools/bundled/devtools-frontend/front_end/panels/console/console.js (6)
2월 02, 2023 12:21:08.32 [10948:1656:0202/122108.031:ERROR:CONSOLE(6)] "console.assert", source: devtools://devtools/bundled/devtools-frontend/front_end/panels/console/console.js (6)
2월 02, 2023 12:21:08.32 [10948:1656:0202/122108.031:ERROR:CONSOLE(6)] "console.assert", source: devtools://devtools/bundled/devtools-frontend/front_end/panels/console/console.js (6)
2월 02, 2023 12:21:08.32 [10948:1656:0202/122108.031:ERROR:CONSOLE(6)] "console.assert", source: devtools://devtools/bundled/devtools-frontend/front_end/panels/console/console.js (6)
2월 02, 2023 12:21:08.32 [10948:1656:0202/122108.031:ERROR:CONSOLE(6)] "console.assert", source: devtools://devtools/bundled/devtools-frontend/front_end/panels/console/console.js (6)
2월 02, 2023 12:21:08.33 [10948:1656:0202/122108.031:ERROR:CONSOLE(6)] "console.assert", source: devtools://devtools/bundled/devtools-frontend/front_end/panels/console/console.js (6)
2월 02, 2023 12:21:08.33 [10948:1656:0202/122108.031:ERROR:CONSOLE(6)] "console.assert", source: devtools://devtools/bundled/devtools-frontend/front_end/panels/console/console.js (6)
2월 02, 2023 12:21:08.33 [10948:1656:0202/122108.031:ERROR:CONSOLE(6)] "console.assert", source: devtools://devtools/bundled/devtools-frontend/front_end/panels/console/console.js (6)
2월 02, 2023 12:21:08.33 [10948:1656:0202/122108.031:ERROR:CONSOLE(6)] "console.assert", source: devtools://devtools/bundled/devtools-frontend/front_end/panels/console/console.js (6)
2월 02, 2023 12:21:08.33 [10948:1656:0202/122108.031:ERROR:CONSOLE(6)] "console.assert", source: devtools://devtools/bundled/devtools-frontend/front_end/panels/console/console.js (6)
2월 02, 2023 12:21:08.97 [10948:1656:0202/122108.097:ERROR:CONSOLE(6)] "console.assert", source: devtools://devtools/bundled/devtools-frontend/front_end/panels/console/console.js (6)
2월 02, 2023 12:21:08.97 [10948:1656:0202/122108.097:ERROR:CONSOLE(6)] "console.assert", source: devtools://devtools/bundled/devtools-frontend/front_end/panels/console/console.js (6)
2월 02, 2023 12:21:08.97 [10948:1656:0202/122108.097:ERROR:CONSOLE(6)] "console.assert", source: devtools://devtools/bundled/devtools-frontend/front_end/panels/console/console.js (6)
2월 02, 2023 12:21:08.98 [10948:1656:0202/122108.097:ERROR:CONSOLE(6)] "console.assert", source: devtools://devtools/bundled/devtools-frontend/front_end/panels/console/console.js (6)
2월 02, 2023 12:21:08.98 [10948:1656:0202/122108.097:ERROR:CONSOLE(6)] "console.assert", source: devtools://devtools/bundled/devtools-frontend/front_end/panels/console/console.js (6)
2월 02, 2023 12:21:08.98 [10948:1656:0202/122108.097:ERROR:CONSOLE(6)] "console.assert", source: devtools://devtools/bundled/devtools-frontend/front_end/panels/console/console.js (6)
2월 02, 2023 12:21:08.98 [10948:1656:0202/122108.097:ERROR:CONSOLE(6)] "console.assert", source: devtools://devtools/bundled/devtools-frontend/front_end/panels/console/console.js (6)
2월 02, 2023 12:21:08.98 [10948:1656:0202/122108.097:ERROR:CONSOLE(6)] "console.assert", source: devtools://devtools/bundled/devtools-frontend/front_end/panels/console/console.js (6)
2월 02, 2023 12:21:08.99 [10948:1656:0202/122108.097:ERROR:CONSOLE(6)] "console.assert", source: devtools://devtools/bundled/devtools-frontend/front_end/panels/console/console.js (6)
2월 02, 2023 12:21:08.99 [10948:1656:0202/122108.097:ERROR:CONSOLE(6)] "console.assert", source: devtools://devtools/bundled/devtools-frontend/front_end/panels/console/console.js (6)
2월 02, 2023 12:21:08.99 [10948:1656:0202/122108.097:ERROR:CONSOLE(6)] "console.assert", source: devtools://devtools/bundled/devtools-frontend/front_end/panels/console/console.js (6)
2월 02, 2023 12:21:08.99 [10948:1656:0202/122108.097:ERROR:CONSOLE(6)] "console.assert", source: devtools://devtools/bundled/devtools-frontend/front_end/panels/console/console.js (6)
2월 02, 2023 12:21:08.99 [10948:1656:0202/122108.097:ERROR:CONSOLE(6)] "console.assert", source: devtools://devtools/bundled/devtools-frontend/front_end/panels/console/console.js (6)
2월 02, 2023 12:21:08.149 [10948:1656:0202/122108.149:ERROR:CONSOLE(6)] "console.assert", source: devtools://devtools/bundled/devtools-frontend/front_end/panels/console/console.js (6)
2월 02, 2023 12:21:08.149 [10948:1656:0202/122108.149:ERROR:CONSOLE(6)] "console.assert", source: devtools://devtools/bundled/devtools-frontend/front_end/panels/console/console.js (6)
2월 02, 2023 12:21:08.150 [10948:1656:0202/122108.149:ERROR:CONSOLE(6)] "console.assert", source: devtools://devtools/bundled/devtools-frontend/front_end/panels/console/console.js (6)
2월 02, 2023 12:21:08.150 [10948:1656:0202/122108.149:ERROR:CONSOLE(6)] "console.assert", source: devtools://devtools/bundled/devtools-frontend/front_end/panels/console/console.js (6)
2월 02, 2023 12:21:08.150 [10948:1656:0202/122108.149:ERROR:CONSOLE(6)] "console.assert", source: devtools://devtools/bundled/devtools-frontend/front_end/panels/console/console.js (6)
2월 02, 2023 12:21:08.150 [10948:1656:0202/122108.149:ERROR:CONSOLE(6)] "console.assert", source: devtools://devtools/bundled/devtools-frontend/front_end/panels/console/console.js (6)
2월 02, 2023 12:21:08.151 [10948:1656:0202/122108.149:ERROR:CONSOLE(6)] "console.assert", source: devtools://devtools/bundled/devtools-frontend/front_end/panels/console/console.js (6)
2월 02, 2023 12:21:08.151 [10948:1656:0202/122108.149:ERROR:CONSOLE(6)] "console.assert", source: devtools://devtools/bundled/devtools-frontend/front_end/panels/console/console.js (6)
2월 02, 2023 12:21:08.151 [10948:1656:0202/122108.149:ERROR:CONSOLE(6)] "console.assert", source: devtools://devtools/bundled/devtools-frontend/front_end/panels/console/console.js (6)
2월 02, 2023 12:21:08.151 [10948:1656:0202/122108.149:ERROR:CONSOLE(6)] "console.assert", source: devtools://devtools/bundled/devtools-frontend/front_end/panels/console/console.js (6)
2월 02, 2023 12:21:08.151 [10948:1656:0202/122108.149:ERROR:CONSOLE(6)] "console.assert", source: devtools://devtools/bundled/devtools-frontend/front_end/panels/console/console.js (6)
2월 02, 2023 12:21:08.152 [10948:1656:0202/122108.149:ERROR:CONSOLE(6)] "console.assert", source: devtools://devtools/bundled/devtools-frontend/front_end/panels/console/console.js (6)
2월 02, 2023 12:21:08.152 [10948:1656:0202/122108.149:ERROR:CONSOLE(6)] "console.assert", source: devtools://devtools/bundled/devtools-frontend/front_end/panels/console/console.js (6)
2월 02, 2023 12:21:08.152 [10948:1656:0202/122108.149:ERROR:CONSOLE(6)] "console.assert", source: devtools://devtools/bundled/devtools-frontend/front_end/panels/console/console.js (6)
2월 02, 2023 12:21:08.152 [10948:1656:0202/122108.149:ERROR:CONSOLE(6)] "console.assert", source: devtools://devtools/bundled/devtools-frontend/front_end/panels/console/console.js (6)
2월 02, 2023 12:21:08.152 [10948:1656:0202/122108.149:ERROR:CONSOLE(6)] "console.assert", source: devtools://devtools/bundled/devtools-frontend/front_end/panels/console/console.js (6)
2월 02, 2023 12:21:08.152 [10948:1656:0202/122108.149:ERROR:CONSOLE(6)] "console.assert", source: devtools://devtools/bundled/devtools-frontend/front_end/panels/console/console.js (6)
2월 02, 2023 12:21:08.152 [10948:1656:0202/122108.149:ERROR:CONSOLE(6)] "console.assert", source: devtools://devtools/bundled/devtools-frontend/front_end/panels/console/console.js (6)
2월 02, 2023 12:21:08.152 [10948:1656:0202/122108.149:ERROR:CONSOLE(6)] "console.assert", source: devtools://devtools/bundled/devtools-frontend/front_end/panels/console/console.js (6)
2월 02, 2023 12:21:08.153 [10948:1656:0202/122108.149:ERROR:CONSOLE(6)] "console.assert", source: devtools://devtools/bundled/devtools-frontend/front_end/panels/console/console.js (6)
2월 02, 2023 12:21:08.201 [10948:1656:0202/122108.200:ERROR:CONSOLE(6)] "console.assert", source: devtools://devtools/bundled/devtools-frontend/front_end/panels/console/console.js (6)
2월 02, 2023 12:21:08.201 [10948:1656:0202/122108.200:ERROR:CONSOLE(6)] "console.assert", source: devtools://devtools/bundled/devtools-frontend/front_end/panels/console/console.js (6)
2월 02, 2023 12:21:08.201 [10948:1656:0202/122108.200:ERROR:CONSOLE(6)] "console.assert", source: devtools://devtools/bundled/devtools-frontend/front_end/panels/console/console.js (6)
2월 02, 2023 12:21:08.201 [10948:1656:0202/122108.200:ERROR:CONSOLE(6)] "console.assert", source: devtools://devtools/bundled/devtools-frontend/front_end/panels/console/console.js (6)
2월 02, 2023 12:21:08.201 [10948:1656:0202/122108.200:ERROR:CONSOLE(6)] "console.assert", source: devtools://devtools/bundled/devtools-frontend/front_end/panels/console/console.js (6)
2월 02, 2023 12:21:08.201 [10948:1656:0202/122108.200:ERROR:CONSOLE(6)] "console.assert", source: devtools://devtools/bundled/devtools-frontend/front_end/panels/console/console.js (6)
2월 02, 2023 12:21:08.202 [10948:1656:0202/122108.200:ERROR:CONSOLE(6)] "console.assert", source: devtools://devtools/bundled/devtools-frontend/front_end/panels/console/console.js (6)
2월 02, 2023 12:21:08.202 [10948:1656:0202/122108.200:ERROR:CONSOLE(6)] "console.assert", source: devtools://devtools/bundled/devtools-frontend/front_end/panels/console/console.js (6)
2월 02, 2023 12:21:08.202 [10948:1656:0202/122108.200:ERROR:CONSOLE(6)] "console.assert", source: devtools://devtools/bundled/devtools-frontend/front_end/panels/console/console.js (6)
2월 02, 2023 12:21:08.202 [10948:1656:0202/122108.200:ERROR:CONSOLE(6)] "console.assert", source: devtools://devtools/bundled/devtools-frontend/front_end/panels/console/console.js (6)
2월 02, 2023 12:21:08.202 [10948:1656:0202/122108.200:ERROR:CONSOLE(6)] "console.assert", source: devtools://devtools/bundled/devtools-frontend/front_end/panels/console/console.js (6)
2월 02, 2023 12:21:08.202 [10948:1656:0202/122108.200:ERROR:CONSOLE(6)] "console.assert", source: devtools://devtools/bundled/devtools-frontend/front_end/panels/console/console.js (6)
2월 02, 2023 12:21:08.202 [10948:1656:0202/122108.200:ERROR:CONSOLE(6)] "console.assert", source: devtools://devtools/bundled/devtools-frontend/front_end/panels/console/console.js (6)
2월 02, 2023 12:21:08.203 [10948:1656:0202/122108.200:ERROR:CONSOLE(6)] "console.assert", source: devtools://devtools/bundled/devtools-frontend/front_end/panels/console/console.js (6)
2월 02, 2023 12:21:08.203 [10948:1656:0202/122108.200:ERROR:CONSOLE(6)] "console.assert", source: devtools://devtools/bundled/devtools-frontend/front_end/panels/console/console.js (6)
2월 02, 2023 12:21:08.203 [10948:1656:0202/122108.201:ERROR:CONSOLE(6)] "console.assert", source: devtools://devtools/bundled/devtools-frontend/front_end/panels/console/console.js (6)
2월 02, 2023 12:21:08.203 [10948:1656:0202/122108.201:ERROR:CONSOLE(6)] "console.assert", source: devtools://devtools/bundled/devtools-frontend/front_end/panels/console/console.js (6)
2월 02, 2023 12:21:08.203 [10948:1656:0202/122108.201:ERROR:CONSOLE(6)] "console.assert", source: devtools://devtools/bundled/devtools-frontend/front_end/panels/console/console.js (6)
2월 02, 2023 12:21:08.203 [10948:1656:0202/122108.201:ERROR:CONSOLE(6)] "console.assert", source: devtools://devtools/bundled/devtools-frontend/front_end/panels/console/console.js (6)
2월 02, 2023 12:21:08.204 [10948:1656:0202/122108.201:ERROR:CONSOLE(6)] "console.assert", source: devtools://devtools/bundled/devtools-frontend/front_end/panels/console/console.js (6)
2월 02, 2023 12:21:08.204 [10948:1656:0202/122108.201:ERROR:CONSOLE(6)] "console.assert", source: devtools://devtools/bundled/devtools-frontend/front_end/panels/console/console.js (6)
2월 02, 2023 12:21:08.341 [10948:1656:0202/122108.341:ERROR:CONSOLE(6)] "console.assert", source: devtools://devtools/bundled/devtools-frontend/front_end/panels/console/console.js (6)
2월 02, 2023 12:21:08.342 [10948:1656:0202/122108.341:ERROR:CONSOLE(6)] "console.assert", source: devtools://devtools/bundled/devtools-frontend/front_end/panels/console/console.js (6)
2월 02, 2023 12:21:08.342 [10948:1656:0202/122108.341:ERROR:CONSOLE(6)] "console.assert", source: devtools://devtools/bundled/devtools-frontend/front_end/panels/console/console.js (6)
2월 02, 2023 12:21:08.342 [10948:1656:0202/122108.341:ERROR:CONSOLE(6)] "console.assert", source: devtools://devtools/bundled/devtools-frontend/front_end/panels/console/console.js (6)
2월 02, 2023 12:21:08.342 [10948:1656:0202/122108.341:ERROR:CONSOLE(6)] "console.assert", source: devtools://devtools/bundled/devtools-frontend/front_end/panels/console/console.js (6)
2월 02, 2023 12:21:08.342 [10948:1656:0202/122108.341:ERROR:CONSOLE(6)] "console.assert", source: devtools://devtools/bundled/devtools-frontend/front_end/panels/console/console.js (6)
2월 02, 2023 12:21:08.343 [10948:1656:0202/122108.341:ERROR:CONSOLE(6)] "console.assert", source: devtools://devtools/bundled/devtools-frontend/front_end/panels/console/console.js (6)
2월 02, 2023 12:21:08.343 [10948:1656:0202/122108.341:ERROR:CONSOLE(6)] "console.assert", source: devtools://devtools/bundled/devtools-frontend/front_end/panels/console/console.js (6)
2월 02, 2023 12:21:08.343 [10948:1656:0202/122108.341:ERROR:CONSOLE(6)] "console.assert", source: devtools://devtools/bundled/devtools-frontend/front_end/panels/console/console.js (6)
2월 02, 2023 12:21:08.343 [10948:1656:0202/122108.341:ERROR:CONSOLE(6)] "console.assert", source: devtools://devtools/bundled/devtools-frontend/front_end/panels/console/console.js (6)
2월 02, 2023 12:21:08.344 [10948:1656:0202/122108.341:ERROR:CONSOLE(6)] "console.assert", source: devtools://devtools/bundled/devtools-frontend/front_end/panels/console/console.js (6)
2월 02, 2023 12:21:08.344 [10948:1656:0202/122108.341:ERROR:CONSOLE(6)] "console.assert", source: devtools://devtools/bundled/devtools-frontend/front_end/panels/console/console.js (6)
2월 02, 2023 12:21:08.344 [10948:1656:0202/122108.341:ERROR:CONSOLE(6)] "console.assert", source: devtools://devtools/bundled/devtools-frontend/front_end/panels/console/console.js (6)
2월 02, 2023 12:21:08.344 [10948:1656:0202/122108.341:ERROR:CONSOLE(6)] "console.assert", source: devtools://devtools/bundled/devtools-frontend/front_end/panels/console/console.js (6)
2월 02, 2023 12:21:08.344 [10948:1656:0202/122108.341:ERROR:CONSOLE(6)] "console.assert", source: devtools://devtools/bundled/devtools-frontend/front_end/panels/console/console.js (6)
2월 02, 2023 12:21:08.344 [10948:1656:0202/122108.341:ERROR:CONSOLE(6)] "console.assert", source: devtools://devtools/bundled/devtools-frontend/front_end/panels/console/console.js (6)
2월 02, 2023 12:21:08.345 [10948:1656:0202/122108.341:ERROR:CONSOLE(6)] "console.assert", source: devtools://devtools/bundled/devtools-frontend/front_end/panels/console/console.js (6)
2월 02, 2023 12:21:08.345 [10948:1656:0202/122108.341:ERROR:CONSOLE(6)] "console.assert", source: devtools://devtools/bundled/devtools-frontend/front_end/panels/console/console.js (6)
2월 02, 2023 12:21:08.345 [10948:1656:0202/122108.341:ERROR:CONSOLE(6)] "console.assert", source: devtools://devtools/bundled/devtools-frontend/front_end/panels/console/console.js (6)
2월 02, 2023 12:21:08.345 [10948:1656:0202/122108.341:ERROR:CONSOLE(6)] "console.assert", source: devtools://devtools/bundled/devtools-frontend/front_end/panels/console/console.js (6)
2월 02, 2023 12:21:08.345 [10948:1656:0202/122108.341:ERROR:CONSOLE(6)] "console.assert", source: devtools://devtools/bundled/devtools-frontend/front_end/panels/console/console.js (6)
2월 02, 2023 12:21:08.346 [10948:1656:0202/122108.341:ERROR:CONSOLE(6)] "console.assert", source: devtools://devtools/bundled/devtools-frontend/front_end/panels/console/console.js (6)
2월 02, 2023 12:21:08.346 [10948:1656:0202/122108.341:ERROR:CONSOLE(6)] "console.assert", source: devtools://devtools/bundled/devtools-frontend/front_end/panels/console/console.js (6)
2월 02, 2023 12:21:08.515 [10948:1656:0202/122108.515:ERROR:CONSOLE(6)] "console.assert", source: devtools://devtools/bundled/devtools-frontend/front_end/panels/console/console.js (6)
2월 02, 2023 12:21:08.515 [10948:1656:0202/122108.515:ERROR:CONSOLE(6)] "console.assert", source: devtools://devtools/bundled/devtools-frontend/front_end/panels/console/console.js (6)
2월 02, 2023 12:21:08.516 [10948:1656:0202/122108.515:ERROR:CONSOLE(6)] "console.assert", source: devtools://devtools/bundled/devtools-frontend/front_end/panels/console/console.js (6)
2월 02, 2023 12:21:08.516 [10948:1656:0202/122108.515:ERROR:CONSOLE(6)] "console.assert", source: devtools://devtools/bundled/devtools-frontend/front_end/panels/console/console.js (6)
2월 02, 2023 12:21:08.516 [10948:1656:0202/122108.515:ERROR:CONSOLE(6)] "console.assert", source: devtools://devtools/bundled/devtools-frontend/front_end/panels/console/console.js (6)
2월 02, 2023 12:21:08.516 [10948:1656:0202/122108.515:ERROR:CONSOLE(6)] "console.assert", source: devtools://devtools/bundled/devtools-frontend/front_end/panels/console/console.js (6)
2월 02, 2023 12:21:08.516 [10948:1656:0202/122108.515:ERROR:CONSOLE(6)] "console.assert", source: devtools://devtools/bundled/devtools-frontend/front_end/panels/console/console.js (6)
2월 02, 2023 12:21:08.516 [10948:1656:0202/122108.515:ERROR:CONSOLE(6)] "console.assert", source: devtools://devtools/bundled/devtools-frontend/front_end/panels/console/console.js (6)
2월 02, 2023 12:21:08.516 [10948:1656:0202/122108.515:ERROR:CONSOLE(6)] "console.assert", source: devtools://devtools/bundled/devtools-frontend/front_end/panels/console/console.js (6)
2월 02, 2023 12:21:08.517 [10948:1656:0202/122108.515:ERROR:CONSOLE(6)] "console.assert", source: devtools://devtools/bundled/devtools-frontend/front_end/panels/console/console.js (6)
2월 02, 2023 12:21:08.517 [10948:1656:0202/122108.515:ERROR:CONSOLE(6)] "console.assert", source: devtools://devtools/bundled/devtools-frontend/front_end/panels/console/console.js (6)
2월 02, 2023 12:21:08.517 [10948:1656:0202/122108.515:ERROR:CONSOLE(6)] "console.assert", source: devtools://devtools/bundled/devtools-frontend/front_end/panels/console/console.js (6)
2월 02, 2023 12:21:08.517 [10948:1656:0202/122108.515:ERROR:CONSOLE(6)] "console.assert", source: devtools://devtools/bundled/devtools-frontend/front_end/panels/console/console.js (6)
2월 02, 2023 12:21:08.517 [10948:1656:0202/122108.515:ERROR:CONSOLE(6)] "console.assert", source: devtools://devtools/bundled/devtools-frontend/front_end/panels/console/console.js (6)
2월 02, 2023 12:21:08.517 [10948:1656:0202/122108.515:ERROR:CONSOLE(6)] "console.assert", source: devtools://devtools/bundled/devtools-frontend/front_end/panels/console/console.js (6)
2월 02, 2023 12:21:08.518 [10948:1656:0202/122108.515:ERROR:CONSOLE(6)] "console.assert", source: devtools://devtools/bundled/devtools-frontend/front_end/panels/console/console.js (6)
2월 02, 2023 12:21:08.518 [10948:1656:0202/122108.515:ERROR:CONSOLE(6)] "console.assert", source: devtools://devtools/bundled/devtools-frontend/front_end/panels/console/console.js (6)
2월 02, 2023 12:21:08.518 [10948:1656:0202/122108.515:ERROR:CONSOLE(6)] "console.assert", source: devtools://devtools/bundled/devtools-frontend/front_end/panels/console/console.js (6)
2월 02, 2023 12:21:08.518 [10948:1656:0202/122108.515:ERROR:CONSOLE(6)] "console.assert", source: devtools://devtools/bundled/devtools-frontend/front_end/panels/console/console.js (6)
2월 02, 2023 12:21:08.518 [10948:1656:0202/122108.515:ERROR:CONSOLE(6)] "console.assert", source: devtools://devtools/bundled/devtools-frontend/front_end/panels/console/console.js (6)
2월 02, 2023 12:21:08.518 [10948:1656:0202/122108.515:ERROR:CONSOLE(6)] "console.assert", source: devtools://devtools/bundled/devtools-frontend/front_end/panels/console/console.js (6)
2월 02, 2023 12:21:08.518 [10948:1656:0202/122108.515:ERROR:CONSOLE(6)] "console.assert", source: devtools://devtools/bundled/devtools-frontend/front_end/panels/console/console.js (6)
2월 02, 2023 12:21:08.519 [10948:1656:0202/122108.515:ERROR:CONSOLE(6)] "console.assert", source: devtools://devtools/bundled/devtools-frontend/front_end/panels/console/console.js (6)
2월 02, 2023 12:21:08.660 [10948:1656:0202/122108.660:ERROR:CONSOLE(6)] "console.assert", source: devtools://devtools/bundled/devtools-frontend/front_end/panels/console/console.js (6)
2월 02, 2023 12:21:08.660 [10948:1656:0202/122108.660:ERROR:CONSOLE(6)] "console.assert", source: devtools://devtools/bundled/devtools-frontend/front_end/panels/console/console.js (6)
2월 02, 2023 12:21:08.660 [10948:1656:0202/122108.660:ERROR:CONSOLE(6)] "console.assert", source: devtools://devtools/bundled/devtools-frontend/front_end/panels/console/console.js (6)
2월 02, 2023 12:21:08.661 [10948:1656:0202/122108.660:ERROR:CONSOLE(6)] "console.assert", source: devtools://devtools/bundled/devtools-frontend/front_end/panels/console/console.js (6)
2월 02, 2023 12:21:08.661 [10948:1656:0202/122108.660:ERROR:CONSOLE(6)] "console.assert", source: devtools://devtools/bundled/devtools-frontend/front_end/panels/console/console.js (6)
2월 02, 2023 12:21:08.661 [10948:1656:0202/122108.660:ERROR:CONSOLE(6)] "console.assert", source: devtools://devtools/bundled/devtools-frontend/front_end/panels/console/console.js (6)
2월 02, 2023 12:21:08.661 [10948:1656:0202/122108.660:ERROR:CONSOLE(6)] "console.assert", source: devtools://devtools/bundled/devtools-frontend/front_end/panels/console/console.js (6)
2월 02, 2023 12:21:08.661 [10948:1656:0202/122108.660:ERROR:CONSOLE(6)] "console.assert", source: devtools://devtools/bundled/devtools-frontend/front_end/panels/console/console.js (6)
2월 02, 2023 12:21:08.661 [10948:1656:0202/122108.660:ERROR:CONSOLE(6)] "console.assert", source: devtools://devtools/bundled/devtools-frontend/front_end/panels/console/console.js (6)
2월 02, 2023 12:21:08.662 [10948:1656:0202/122108.660:ERROR:CONSOLE(6)] "console.assert", source: devtools://devtools/bundled/devtools-frontend/front_end/panels/console/console.js (6)
2월 02, 2023 12:21:08.662 [10948:1656:0202/122108.660:ERROR:CONSOLE(6)] "console.assert", source: devtools://devtools/bundled/devtools-frontend/front_end/panels/console/console.js (6)
2월 02, 2023 12:21:08.662 [10948:1656:0202/122108.660:ERROR:CONSOLE(6)] "console.assert", source: devtools://devtools/bundled/devtools-frontend/front_end/panels/console/console.js (6)
2월 02, 2023 12:21:08.662 [10948:1656:0202/122108.660:ERROR:CONSOLE(6)] "console.assert", source: devtools://devtools/bundled/devtools-frontend/front_end/panels/console/console.js (6)
2월 02, 2023 12:21:08.662 [10948:1656:0202/122108.660:ERROR:CONSOLE(6)] "console.assert", source: devtools://devtools/bundled/devtools-frontend/front_end/panels/console/console.js (6)
2월 02, 2023 12:21:08.662 [10948:1656:0202/122108.660:ERROR:CONSOLE(6)] "console.assert", source: devtools://devtools/bundled/devtools-frontend/front_end/panels/console/console.js (6)
2월 02, 2023 12:21:08.663 [10948:1656:0202/122108.660:ERROR:CONSOLE(6)] "console.assert", source: devtools://devtools/bundled/devtools-frontend/front_end/panels/console/console.js (6)
2월 02, 2023 12:21:08.663 [10948:1656:0202/122108.660:ERROR:CONSOLE(6)] "console.assert", source: devtools://devtools/bundled/devtools-frontend/front_end/panels/console/console.js (6)
2월 02, 2023 12:21:08.663 [10948:1656:0202/122108.660:ERROR:CONSOLE(6)] "console.assert", source: devtools://devtools/bundled/devtools-frontend/front_end/panels/console/console.js (6)
2월 02, 2023 12:21:08.663 [10948:1656:0202/122108.660:ERROR:CONSOLE(6)] "console.assert", source: devtools://devtools/bundled/devtools-frontend/front_end/panels/console/console.js (6)
2월 02, 2023 12:21:08.663 [10948:1656:0202/122108.660:ERROR:CONSOLE(6)] "console.assert", source: devtools://devtools/bundled/devtools-frontend/front_end/panels/console/console.js (6)
2월 02, 2023 12:21:08.664 [10948:1656:0202/122108.660:ERROR:CONSOLE(6)] "console.assert", source: devtools://devtools/bundled/devtools-frontend/front_end/panels/console/console.js (6)
2월 02, 2023 12:21:08.664 [10948:1656:0202/122108.660:ERROR:CONSOLE(6)] "console.assert", source: devtools://devtools/bundled/devtools-frontend/front_end/panels/console/console.js (6)
2월 02, 2023 12:21:08.664 [10948:1656:0202/122108.660:ERROR:CONSOLE(6)] "console.assert", source: devtools://devtools/bundled/devtools-frontend/front_end/panels/console/console.js (6)
2월 02, 2023 12:21:08.664 [10948:1656:0202/122108.660:ERROR:CONSOLE(6)] "console.assert", source: devtools://devtools/bundled/devtools-frontend/front_end/panels/console/console.js (6)
2월 02, 2023 14:28:39.667 [2072:3844:0202/142839.667:ERROR:device_event_log_impl.cc(215)] [14:28:39.667] Bluetooth: bluetooth_adapter_winrt.cc:1074 Getting Default Adapter failed.
2월 02, 2023 14:36:16.694 [12368:6360:0202/143616.694:ERROR:device_event_log_impl.cc(215)] [14:36:16.694] Bluetooth: bluetooth_adapter_winrt.cc:1074 Getting Default Adapter failed.
2월 02, 2023 14:38:11.179 [8820:12540:0202/143811.179:ERROR:device_event_log_impl.cc(215)] [14:38:11.179] Bluetooth: bluetooth_adapter_winrt.cc:1074 Getting Default Adapter failed.
2월 02, 2023 14:43:36.496 [6808:1512:0202/144336.496:ERROR:device_event_log_impl.cc(215)] [14:43:36.496] Bluetooth: bluetooth_adapter_winrt.cc:1074 Getting Default Adapter failed.
2월 02, 2023 14:44:51.287 [9984:11340:0202/144451.287:ERROR:device_event_log_impl.cc(215)] [14:44:51.288] Bluetooth: bluetooth_adapter_winrt.cc:1074 Getting Default Adapter failed.
2월 02, 2023 14:59:50.203 [12568:10096:0202/145950.203:ERROR:device_event_log_impl.cc(215)] [14:59:50.203] Bluetooth: bluetooth_adapter_winrt.cc:1074 Getting Default Adapter failed.
2월 02, 2023 15:09:17.119 [9476:8816:0202/150917.119:ERROR:device_event_log_impl.cc(215)] [15:09:17.119] Bluetooth: bluetooth_adapter_winrt.cc:1074 Getting Default Adapter failed.
2월 02, 2023 15:12:28.837 [1984:12644:0202/151228.837:ERROR:device_event_log_impl.cc(215)] [15:12:28.837] Bluetooth: bluetooth_adapter_winrt.cc:1074 Getting Default Adapter failed.
2월 02, 2023 17:04:22.23 [1984:12644:0202/170422.023:ERROR:CONSOLE(1)] "Could not close stream.", source: devtools://devtools/bundled/devtools-frontend/front_end/core/sdk/sdk.js (1)
2월 02, 2023 17:04:24.205 [1984:12644:0202/170424.205:ERROR:CONSOLE(6)] "console.assert", source: devtools://devtools/bundled/devtools-frontend/front_end/panels/console/console.js (6)
2월 02, 2023 17:04:24.205 [1984:12644:0202/170424.205:ERROR:CONSOLE(6)] "console.assert", source: devtools://devtools/bundled/devtools-frontend/front_end/panels/console/console.js (6)
2월 02, 2023 17:04:24.205 [1984:12644:0202/170424.205:ERROR:CONSOLE(6)] "console.assert", source: devtools://devtools/bundled/devtools-frontend/front_end/panels/console/console.js (6)
2월 02, 2023 17:04:24.206 [1984:12644:0202/170424.205:ERROR:CONSOLE(6)] "console.assert", source: devtools://devtools/bundled/devtools-frontend/front_end/panels/console/console.js (6)
2월 02, 2023 17:04:24.206 [1984:12644:0202/170424.205:ERROR:CONSOLE(6)] "console.assert", source: devtools://devtools/bundled/devtools-frontend/front_end/panels/console/console.js (6)
2월 02, 2023 17:04:24.283 [1984:12644:0202/170424.282:ERROR:CONSOLE(6)] "console.assert", source: devtools://devtools/bundled/devtools-frontend/front_end/panels/console/console.js (6)
2월 02, 2023 17:04:24.283 [1984:12644:0202/170424.282:ERROR:CONSOLE(6)] "console.assert", source: devtools://devtools/bundled/devtools-frontend/front_end/panels/console/console.js (6)
2월 02, 2023 17:04:24.283 [1984:12644:0202/170424.282:ERROR:CONSOLE(6)] "console.assert", source: devtools://devtools/bundled/devtools-frontend/front_end/panels/console/console.js (6)
2월 02, 2023 17:04:24.283 [1984:12644:0202/170424.282:ERROR:CONSOLE(6)] "console.assert", source: devtools://devtools/bundled/devtools-frontend/front_end/panels/console/console.js (6)
2월 02, 2023 17:04:24.283 [1984:12644:0202/170424.282:ERROR:CONSOLE(6)] "console.assert", source: devtools://devtools/bundled/devtools-frontend/front_end/panels/console/console.js (6)
2월 02, 2023 17:04:24.283 [1984:12644:0202/170424.282:ERROR:CONSOLE(6)] "console.assert", source: devtools://devtools/bundled/devtools-frontend/front_end/panels/console/console.js (6)
2월 02, 2023 17:04:24.353 [1984:12644:0202/170424.353:ERROR:CONSOLE(6)] "console.assert", source: devtools://devtools/bundled/devtools-frontend/front_end/panels/console/console.js (6)
2월 02, 2023 17:04:24.354 [1984:12644:0202/170424.353:ERROR:CONSOLE(6)] "console.assert", source: devtools://devtools/bundled/devtools-frontend/front_end/panels/console/console.js (6)
2월 02, 2023 17:04:24.354 [1984:12644:0202/170424.353:ERROR:CONSOLE(6)] "console.assert", source: devtools://devtools/bundled/devtools-frontend/front_end/panels/console/console.js (6)
2월 02, 2023 17:04:24.354 [1984:12644:0202/170424.353:ERROR:CONSOLE(6)] "console.assert", source: devtools://devtools/bundled/devtools-frontend/front_end/panels/console/console.js (6)
2월 02, 2023 17:04:24.354 [1984:12644:0202/170424.353:ERROR:CONSOLE(6)] "console.assert", source: devtools://devtools/bundled/devtools-frontend/front_end/panels/console/console.js (6)
2월 02, 2023 17:04:24.354 [1984:12644:0202/170424.353:ERROR:CONSOLE(6)] "console.assert", source: devtools://devtools/bundled/devtools-frontend/front_end/panels/console/console.js (6)
2월 02, 2023 17:04:24.355 [1984:12644:0202/170424.353:ERROR:CONSOLE(6)] "console.assert", source: devtools://devtools/bundled/devtools-frontend/front_end/panels/console/console.js (6)
2월 02, 2023 17:04:25.494 [1984:12644:0202/170425.494:ERROR:CONSOLE(6)] "console.assert", source: devtools://devtools/bundled/devtools-frontend/front_end/panels/console/console.js (6)
2월 02, 2023 17:04:25.494 [1984:12644:0202/170425.494:ERROR:CONSOLE(6)] "console.assert", source: devtools://devtools/bundled/devtools-frontend/front_end/panels/console/console.js (6)
2월 02, 2023 17:04:25.495 [1984:12644:0202/170425.494:ERROR:CONSOLE(6)] "console.assert", source: devtools://devtools/bundled/devtools-frontend/front_end/panels/console/console.js (6)
2월 02, 2023 17:04:25.495 [1984:12644:0202/170425.494:ERROR:CONSOLE(6)] "console.assert", source: devtools://devtools/bundled/devtools-frontend/front_end/panels/console/console.js (6)
2월 02, 2023 17:04:25.495 [1984:12644:0202/170425.494:ERROR:CONSOLE(6)] "console.assert", source: devtools://devtools/bundled/devtools-frontend/front_end/panels/console/console.js (6)
2월 02, 2023 17:04:25.495 [1984:12644:0202/170425.494:ERROR:CONSOLE(6)] "console.assert", source: devtools://devtools/bundled/devtools-frontend/front_end/panels/console/console.js (6)
2월 02, 2023 17:04:25.495 [1984:12644:0202/170425.494:ERROR:CONSOLE(6)] "console.assert", source: devtools://devtools/bundled/devtools-frontend/front_end/panels/console/console.js (6)
2월 02, 2023 17:04:25.496 [1984:12644:0202/170425.494:ERROR:CONSOLE(6)] "console.assert", source: devtools://devtools/bundled/devtools-frontend/front_end/panels/console/console.js (6)
2월 02, 2023 17:04:25.604 [1984:12644:0202/170425.603:ERROR:CONSOLE(6)] "console.assert", source: devtools://devtools/bundled/devtools-frontend/front_end/panels/console/console.js (6)
2월 02, 2023 17:04:25.604 [1984:12644:0202/170425.603:ERROR:CONSOLE(6)] "console.assert", source: devtools://devtools/bundled/devtools-frontend/front_end/panels/console/console.js (6)
2월 02, 2023 17:04:25.604 [1984:12644:0202/170425.603:ERROR:CONSOLE(6)] "console.assert", source: devtools://devtools/bundled/devtools-frontend/front_end/panels/console/console.js (6)
2월 02, 2023 17:04:25.604 [1984:12644:0202/170425.603:ERROR:CONSOLE(6)] "console.assert", source: devtools://devtools/bundled/devtools-frontend/front_end/panels/console/console.js (6)
2월 02, 2023 17:04:25.604 [1984:12644:0202/170425.604:ERROR:CONSOLE(6)] "console.assert", source: devtools://devtools/bundled/devtools-frontend/front_end/panels/console/console.js (6)
2월 02, 2023 17:04:25.604 [1984:12644:0202/170425.604:ERROR:CONSOLE(6)] "console.assert", source: devtools://devtools/bundled/devtools-frontend/front_end/panels/console/console.js (6)
2월 02, 2023 17:04:25.605 [1984:12644:0202/170425.604:ERROR:CONSOLE(6)] "console.assert", source: devtools://devtools/bundled/devtools-frontend/front_end/panels/console/console.js (6)
2월 02, 2023 17:04:25.605 [1984:12644:0202/170425.604:ERROR:CONSOLE(6)] "console.assert", source: devtools://devtools/bundled/devtools-frontend/front_end/panels/console/console.js (6)
2월 02, 2023 17:04:25.605 [1984:12644:0202/170425.604:ERROR:CONSOLE(6)] "console.assert", source: devtools://devtools/bundled/devtools-frontend/front_end/panels/console/console.js (6)
2월 02, 2023 17:04:25.829 [1984:12644:0202/170425.829:ERROR:CONSOLE(6)] "console.assert", source: devtools://devtools/bundled/devtools-frontend/front_end/panels/console/console.js (6)
2월 02, 2023 17:04:25.829 [1984:12644:0202/170425.829:ERROR:CONSOLE(6)] "console.assert", source: devtools://devtools/bundled/devtools-frontend/front_end/panels/console/console.js (6)
2월 02, 2023 17:04:25.829 [1984:12644:0202/170425.829:ERROR:CONSOLE(6)] "console.assert", source: devtools://devtools/bundled/devtools-frontend/front_end/panels/console/console.js (6)
2월 02, 2023 17:04:25.829 [1984:12644:0202/170425.829:ERROR:CONSOLE(6)] "console.assert", source: devtools://devtools/bundled/devtools-frontend/front_end/panels/console/console.js (6)
2월 02, 2023 17:04:25.830 [1984:12644:0202/170425.829:ERROR:CONSOLE(6)] "console.assert", source: devtools://devtools/bundled/devtools-frontend/front_end/panels/console/console.js (6)
2월 02, 2023 17:04:25.830 [1984:12644:0202/170425.829:ERROR:CONSOLE(6)] "console.assert", source: devtools://devtools/bundled/devtools-frontend/front_end/panels/console/console.js (6)
2월 02, 2023 17:04:25.830 [1984:12644:0202/170425.829:ERROR:CONSOLE(6)] "console.assert", source: devtools://devtools/bundled/devtools-frontend/front_end/panels/console/console.js (6)
2월 02, 2023 17:04:25.830 [1984:12644:0202/170425.829:ERROR:CONSOLE(6)] "console.assert", source: devtools://devtools/bundled/devtools-frontend/front_end/panels/console/console.js (6)
2월 02, 2023 17:04:25.830 [1984:12644:0202/170425.829:ERROR:CONSOLE(6)] "console.assert", source: devtools://devtools/bundled/devtools-frontend/front_end/panels/console/console.js (6)
2월 02, 2023 17:04:25.895 [1984:12644:0202/170425.894:ERROR:CONSOLE(6)] "console.assert", source: devtools://devtools/bundled/devtools-frontend/front_end/panels/console/console.js (6)
2월 02, 2023 17:04:25.895 [1984:12644:0202/170425.894:ERROR:CONSOLE(6)] "console.assert", source: devtools://devtools/bundled/devtools-frontend/front_end/panels/console/console.js (6)
2월 02, 2023 17:04:25.896 [1984:12644:0202/170425.894:ERROR:CONSOLE(6)] "console.assert", source: devtools://devtools/bundled/devtools-frontend/front_end/panels/console/console.js (6)
2월 02, 2023 17:04:25.896 [1984:12644:0202/170425.894:ERROR:CONSOLE(6)] "console.assert", source: devtools://devtools/bundled/devtools-frontend/front_end/panels/console/console.js (6)
2월 02, 2023 17:04:25.897 [1984:12644:0202/170425.894:ERROR:CONSOLE(6)] "console.assert", source: devtools://devtools/bundled/devtools-frontend/front_end/panels/console/console.js (6)
2월 02, 2023 17:04:25.898 [1984:12644:0202/170425.894:ERROR:CONSOLE(6)] "console.assert", source: devtools://devtools/bundled/devtools-frontend/front_end/panels/console/console.js (6)
2월 02, 2023 17:04:25.898 [1984:12644:0202/170425.895:ERROR:CONSOLE(6)] "console.assert", source: devtools://devtools/bundled/devtools-frontend/front_end/panels/console/console.js (6)
2월 02, 2023 17:04:25.899 [1984:12644:0202/170425.895:ERROR:CONSOLE(6)] "console.assert", source: devtools://devtools/bundled/devtools-frontend/front_end/panels/console/console.js (6)
2월 02, 2023 17:04:25.899 [1984:12644:0202/170425.895:ERROR:CONSOLE(6)] "console.assert", source: devtools://devtools/bundled/devtools-frontend/front_end/panels/console/console.js (6)
2월 02, 2023 17:04:25.899 [1984:12644:0202/170425.895:ERROR:CONSOLE(6)] "console.assert", source: devtools://devtools/bundled/devtools-frontend/front_end/panels/console/console.js (6)
2월 02, 2023 17:04:28.307 [1984:12644:0202/170428.307:ERROR:CONSOLE(6)] "console.assert", source: devtools://devtools/bundled/devtools-frontend/front_end/panels/console/console.js (6)
2월 02, 2023 17:04:28.307 [1984:12644:0202/170428.307:ERROR:CONSOLE(6)] "console.assert", source: devtools://devtools/bundled/devtools-frontend/front_end/panels/console/console.js (6)
2월 02, 2023 17:04:28.307 [1984:12644:0202/170428.307:ERROR:CONSOLE(6)] "console.assert", source: devtools://devtools/bundled/devtools-frontend/front_end/panels/console/console.js (6)
2월 02, 2023 17:04:28.307 [1984:12644:0202/170428.307:ERROR:CONSOLE(6)] "console.assert", source: devtools://devtools/bundled/devtools-frontend/front_end/panels/console/console.js (6)
2월 02, 2023 17:04:28.308 [1984:12644:0202/170428.307:ERROR:CONSOLE(6)] "console.assert", source: devtools://devtools/bundled/devtools-frontend/front_end/panels/console/console.js (6)
2월 02, 2023 17:04:28.308 [1984:12644:0202/170428.307:ERROR:CONSOLE(6)] "console.assert", source: devtools://devtools/bundled/devtools-frontend/front_end/panels/console/console.js (6)
2월 02, 2023 17:04:28.308 [1984:12644:0202/170428.307:ERROR:CONSOLE(6)] "console.assert", source: devtools://devtools/bundled/devtools-frontend/front_end/panels/console/console.js (6)
2월 02, 2023 17:04:28.308 [1984:12644:0202/170428.307:ERROR:CONSOLE(6)] "console.assert", source: devtools://devtools/bundled/devtools-frontend/front_end/panels/console/console.js (6)
2월 02, 2023 17:04:28.308 [1984:12644:0202/170428.307:ERROR:CONSOLE(6)] "console.assert", source: devtools://devtools/bundled/devtools-frontend/front_end/panels/console/console.js (6)
2월 02, 2023 17:04:28.309 [1984:12644:0202/170428.308:ERROR:CONSOLE(6)] "console.assert", source: devtools://devtools/bundled/devtools-frontend/front_end/panels/console/console.js (6)

2월 02, 2023 18:04:20.869 NEW SESSION
2월 02, 2023 18:04:20.870 [8272:10224:0202/180420.869:ERROR:device_event_log_impl.cc(215)] [18:04:20.869] Bluetooth: bluetooth_adapter_winrt.cc:1074 Getting Default Adapter failed.

2월 03, 2023 09:16:32.119 NEW SESSION
2월 03, 2023 09:16:32.119 [6664:5552:0203/091632.118:ERROR:device_event_log_impl.cc(215)] [09:16:32.119] Bluetooth: bluetooth_adapter_winrt.cc:1074 Getting Default Adapter failed.
2월 03, 2023 11:05:17.131 [8156:11856:0203/110517.131:ERROR:device_event_log_impl.cc(215)] [11:05:17.131] Bluetooth: bluetooth_adapter_winrt.cc:1074 Getting Default Adapter failed.

2월 06, 2023 09:36:36.281 NEW SESSION
2월 06, 2023 09:36:36.281 [6728:10148:0206/093636.280:ERROR:device_event_log_impl.cc(215)] [09:36:36.280] Bluetooth: bluetooth_adapter_winrt.cc:1074 Getting Default Adapter failed.

2월 06, 2023 10:43:16.257 NEW SESSION
2월 06, 2023 10:43:16.257 [11044:4836:0206/104316.256:ERROR:device_event_log_impl.cc(215)] [10:43:16.257] Bluetooth: bluetooth_adapter_winrt.cc:1074 Getting Default Adapter failed.
2월 06, 2023 10:48:58.562 [12092:4052:0206/104858.561:ERROR:device_event_log_impl.cc(215)] [10:48:58.561] Bluetooth: bluetooth_adapter_winrt.cc:1074 Getting Default Adapter failed.
2월 06, 2023 11:01:10.816 [10036:5832:0206/110110.816:ERROR:device_event_log_impl.cc(215)] [11:01:10.815] Bluetooth: bluetooth_adapter_winrt.cc:1074 Getting Default Adapter failed.
2월 06, 2023 11:01:55.608 [11328:7200:0206/110155.608:ERROR:device_event_log_impl.cc(215)] [11:01:55.609] Bluetooth: bluetooth_adapter_winrt.cc:1074 Getting Default Adapter failed.
2월 06, 2023 11:02:38.74 [9468:3696:0206/110238.074:ERROR:device_event_log_impl.cc(215)] [11:02:38.075] Bluetooth: bluetooth_adapter_winrt.cc:1074 Getting Default Adapter failed.
2월 06, 2023 11:03:27.87 [8856:2120:0206/110327.086:ERROR:device_event_log_impl.cc(215)] [11:03:27.086] Bluetooth: bluetooth_adapter_winrt.cc:1074 Getting Default Adapter failed.
2월 06, 2023 11:04:23.395 [6228:6632:0206/110423.395:ERROR:device_event_log_impl.cc(215)] [11:04:23.395] Bluetooth: bluetooth_adapter_winrt.cc:1074 Getting Default Adapter failed.
2월 06, 2023 11:09:12.820 [660:3116:0206/110912.820:ERROR:device_event_log_impl.cc(215)] [11:09:12.820] Bluetooth: bluetooth_adapter_winrt.cc:1074 Getting Default Adapter failed.
2월 06, 2023 11:30:26.89 [1228:11136:0206/113026.088:ERROR:device_event_log_impl.cc(215)] [11:30:26.089] Bluetooth: bluetooth_adapter_winrt.cc:1074 Getting Default Adapter failed.
2월 06, 2023 11:36:38.243 [1624:2888:0206/113638.243:ERROR:device_event_log_impl.cc(215)] [11:36:38.243] Bluetooth: bluetooth_adapter_winrt.cc:1074 Getting Default Adapter failed.
2월 06, 2023 11:39:05.879 [3412:1788:0206/113905.879:ERROR:device_event_log_impl.cc(215)] [11:39:05.879] Bluetooth: bluetooth_adapter_winrt.cc:1074 Getting Default Adapter failed.
2월 06, 2023 12:06:09.107 [3412:1788:0206/120609.107:ERROR:CONSOLE(6)] "console.assert", source: devtools://devtools/bundled/devtools-frontend/front_end/panels/console/console.js (6)
2월 06, 2023 12:06:09.107 [3412:1788:0206/120609.107:ERROR:CONSOLE(6)] "console.assert", source: devtools://devtools/bundled/devtools-frontend/front_end/panels/console/console.js (6)
2월 06, 2023 12:06:09.107 [3412:1788:0206/120609.107:ERROR:CONSOLE(6)] "console.assert", source: devtools://devtools/bundled/devtools-frontend/front_end/panels/console/console.js (6)
2월 06, 2023 12:06:09.107 [3412:1788:0206/120609.107:ERROR:CONSOLE(6)] "console.assert", source: devtools://devtools/bundled/devtools-frontend/front_end/panels/console/console.js (6)
2월 06, 2023 12:06:09.108 [3412:1788:0206/120609.107:ERROR:CONSOLE(6)] "console.assert", source: devtools://devtools/bundled/devtools-frontend/front_end/panels/console/console.js (6)

2월 06, 2023 16:05:12.822 NEW SESSION
2월 06, 2023 16:05:12.822 [9604:1944:0206/160512.821:ERROR:device_event_log_impl.cc(215)] [16:05:12.821] Bluetooth: bluetooth_adapter_winrt.cc:1074 Getting Default Adapter failed.

2월 07, 2023 15:18:18.944 NEW SESSION
2월 07, 2023 15:18:18.944 [8236:2820:0207/151818.943:ERROR:device_event_log_impl.cc(215)] [15:18:18.944] Bluetooth: bluetooth_adapter_winrt.cc:1074 Getting Default Adapter failed.
2월 07, 2023 15:26:17.919 [9092:1976:0207/152617.919:ERROR:device_event_log_impl.cc(215)] [15:26:17.919] Bluetooth: bluetooth_adapter_winrt.cc:1074 Getting Default Adapter failed.

2월 07, 2023 16:08:14.176 NEW SESSION
2월 07, 2023 16:08:14.176 [13096:11500:0207/160814.175:ERROR:device_event_log_impl.cc(215)] [16:08:14.175] Bluetooth: bluetooth_adapter_winrt.cc:1074 Getting Default Adapter failed.
2월 07, 2023 16:34:05.917 [12548:12380:0207/163405.916:ERROR:device_event_log_impl.cc(215)] [16:34:05.917] Bluetooth: bluetooth_adapter_winrt.cc:1074 Getting Default Adapter failed.

2월 17, 2023 16:08:07.752 NEW SESSION
2월 17, 2023 16:08:07.752 [8976:2828:0217/160807.750:ERROR:interface_endpoint_client.cc(695)] Message 1 rejected by interface blink.mojom.WidgetHost

3월 08, 2023 10:02:50.326 NEW SESSION
3월 08, 2023 10:02:50.326 [2568:8352:0308/100250.315:ERROR:interface_endpoint_client.cc(695)] Message 1 rejected by interface blink.mojom.WidgetHost
3월 08, 2023 14:12:22.198 [2568:8352:0308/141222.198:ERROR:interface_endpoint_client.cc(695)] Message 0 rejected by interface blink.mojom.WidgetHost
3월 08, 2023 15:59:36.891 [2568:8352:0308/155936.890:ERROR:interface_endpoint_client.cc(695)] Message 0 rejected by interface blink.mojom.WidgetHost
3월 08, 2023 15:59:53.316 [2568:8352:0308/155953.316:ERROR:interface_endpoint_client.cc(695)] Message 0 rejected by interface blink.mojom.WidgetHost
3월 08, 2023 16:00:44.240 [2568:8352:0308/160044.239:ERROR:interface_endpoint_client.cc(695)] Message 0 rejected by interface blink.mojom.WidgetHost
